[2025-11-29 17:05:55 +0000] [20176] [INFO] Starting gunicorn 23.0.0
[2025-11-29 17:05:56 +0000] [20176] [INFO] Listening at: unix:/home/senthiltex007/rocky_herbals2/rockyherbals.sock (20176)
[2025-11-29 17:05:56 +0000] [20176] [INFO] Using worker: sync
[2025-11-29 17:05:56 +0000] [20177] [INFO] Booting worker with pid: 20177
[2025-11-29 17:05:56 +0000] [20178] [INFO] Booting worker with pid: 20178
[2025-11-29 17:05:56 +0000] [20179] [INFO] Booting worker with pid: 20179
[2025-11-29 17:06:38 +0000] [20176] [INFO] Handling signal: int
[2025-11-29 22:36:38 +0530] [20178] [INFO] Worker exiting (pid: 20178)
[2025-11-29 22:36:38 +0530] [20177] [INFO] Worker exiting (pid: 20177)
[2025-11-29 22:36:38 +0530] [20179] [INFO] Worker exiting (pid: 20179)
[2025-11-29 17:06:39 +0000] [20176] [INFO] Shutting down: Master
[2025-11-29 17:07:21 +0000] [20184] [INFO] Starting gunicorn 23.0.0
[2025-11-29 17:07:21 +0000] [20184] [INFO] Listening at: unix:/home/senthiltex007/rocky_herbals2/rockyherbals.sock (20184)
[2025-11-29 17:07:21 +0000] [20184] [INFO] Using worker: sync
[2025-11-29 17:07:21 +0000] [20185] [INFO] Booting worker with pid: 20185
[2025-11-29 17:07:21 +0000] [20186] [INFO] Booting worker with pid: 20186
[2025-11-29 17:07:21 +0000] [20187] [INFO] Booting worker with pid: 20187
[2025-11-29 17:18:10 +0000] [20302] [INFO] Starting gunicorn 23.0.0
[2025-11-29 17:18:10 +0000] [20302] [INFO] Listening at: unix:/home/senthiltex007/rocky_herbals2/rockyherbals.sock (20302)
[2025-11-29 17:18:10 +0000] [20302] [INFO] Using worker: sync
[2025-11-29 17:18:10 +0000] [20303] [INFO] Booting worker with pid: 20303
[2025-11-29 17:18:10 +0000] [20304] [INFO] Booting worker with pid: 20304
[2025-11-29 17:18:10 +0000] [20305] [INFO] Booting worker with pid: 20305
[2025-11-29 17:20:18 +0000] [20184] [INFO] Handling signal: term
[2025-11-29 22:50:18 +0530] [20185] [INFO] Worker exiting (pid: 20185)
[2025-11-29 17:20:18 +0000] [20302] [INFO] Handling signal: term
[2025-11-29 22:50:18 +0530] [20186] [INFO] Worker exiting (pid: 20186)
[2025-11-29 22:50:18 +0530] [20304] [INFO] Worker exiting (pid: 20304)
[2025-11-29 22:50:18 +0530] [20303] [INFO] Worker exiting (pid: 20303)
[2025-11-29 22:50:18 +0530] [20187] [INFO] Worker exiting (pid: 20187)
[2025-11-29 22:50:18 +0530] [20305] [INFO] Worker exiting (pid: 20305)
[2025-11-29 17:20:19 +0000] [20320] [INFO] Starting gunicorn 23.0.0
[2025-11-29 17:20:19 +0000] [20320] [INFO] Listening at: unix:/home/senthiltex007/rocky_herbals2/rockyherbals.sock (20320)
[2025-11-29 17:20:19 +0000] [20320] [INFO] Using worker: sync
[2025-11-29 17:20:19 +0000] [20325] [INFO] Booting worker with pid: 20325
[2025-11-29 17:20:19 +0000] [20184] [INFO] Shutting down: Master
[2025-11-29 17:20:19 +0000] [20326] [INFO] Booting worker with pid: 20326
[2025-11-29 17:20:19 +0000] [20327] [INFO] Booting worker with pid: 20327
[2025-11-29 17:21:26 +0000] [20320] [INFO] Handling signal: term
[2025-11-29 22:51:26 +0530] [20327] [INFO] Worker exiting (pid: 20327)
[2025-11-29 22:51:26 +0530] [20325] [INFO] Worker exiting (pid: 20325)
[2025-11-29 22:51:26 +0530] [20326] [INFO] Worker exiting (pid: 20326)
[2025-11-29 17:21:26 +0000] [20320] [INFO] Shutting down: Master
[2025-11-29 17:21:35 +0000] [20342] [INFO] Starting gunicorn 23.0.0
[2025-11-29 17:21:35 +0000] [20342] [INFO] Listening at: unix:/home/senthiltex007/rocky_herbals2/rockyherbals.sock (20342)
[2025-11-29 17:21:35 +0000] [20342] [INFO] Using worker: sync
[2025-11-29 17:21:35 +0000] [20343] [INFO] Booting worker with pid: 20343
[2025-11-29 17:21:35 +0000] [20344] [INFO] Booting worker with pid: 20344
[2025-11-29 17:21:35 +0000] [20345] [INFO] Booting worker with pid: 20345
